2024-05-30 09:42:29,738 ERROR c.b.l.TestNGListener [TestNG-test=Main Menu testing-1] Test 'verifyMainMenuItemNewInTest' was failed!
2024-05-30 10:28:23,104 ERROR c.b.l.TestNGListener [TestNG-test=Main Menu testing-1] Test 'verifyMainMenuItemNewInTest' was failed!
2024-05-30 10:28:26,384 ERROR c.b.l.TestNGListener [TestNG-test=Main Menu testing-1] Test 'verifyMainMenuItemNewInTest' was failed!
2024-05-30 10:28:29,351 ERROR c.b.l.TestNGListener [TestNG-test=Main Menu testing-1] Test 'verifyMainMenuItemNewInTest' was failed!
2024-05-30 10:28:31,848 ERROR c.b.l.TestNGListener [TestNG-test=Main Menu testing-1] Test 'verifyMainMenuItemNewInTest' was failed!
2024-05-30 10:28:34,325 ERROR c.b.l.TestNGListener [TestNG-test=Main Menu testing-1] Test 'verifyMainMenuItemNewInTest' was failed!
2024-05-30 10:28:37,595 ERROR c.b.l.TestNGListener [TestNG-test=Main Menu testing-1] Test 'verifyMainMenuItemNewInTest' was failed!
2024-05-30 10:28:40,552 ERROR c.b.l.TestNGListener [TestNG-test=Main Menu testing-1] Test 'verifyMainMenuItemNewInTest' was failed!
2024-05-30 10:28:43,626 ERROR c.b.l.TestNGListener [TestNG-test=Main Menu testing-1] Test 'verifyMainMenuItemNewInTest' was failed!
2024-05-30 10:30:06,468 ERROR c.b.l.TestNGListener [TestNG-test=Main Menu testing-1] Test 'verifyMainMenuItemNewInTest' was failed!
2024-05-30 10:30:09,841 ERROR c.b.l.TestNGListener [TestNG-test=Main Menu testing-1] Test 'verifyMainMenuItemNewInTest' was failed!
2024-05-30 10:30:13,088 ERROR c.b.l.TestNGListener [TestNG-test=Main Menu testing-1] Test 'verifyMainMenuItemNewInTest' was failed!
2024-05-30 10:30:16,577 ERROR c.b.l.TestNGListener [TestNG-test=Main Menu testing-1] Test 'verifyMainMenuItemNewInTest' was failed!
2024-05-30 10:30:20,227 ERROR c.b.l.TestNGListener [TestNG-test=Main Menu testing-1] Test 'verifyMainMenuItemNewInTest' was failed!
2024-05-30 10:30:24,196 ERROR c.b.l.TestNGListener [TestNG-test=Main Menu testing-1] Test 'verifyMainMenuItemNewInTest' was failed!
2024-05-30 10:30:27,234 ERROR c.b.l.TestNGListener [TestNG-test=Main Menu testing-1] Test 'verifyMainMenuItemNewInTest' was failed!
2024-05-30 10:30:30,625 ERROR c.b.l.TestNGListener [TestNG-test=Main Menu testing-1] Test 'verifyMainMenuItemNewInTest' was failed!
2024-05-30 10:33:26,163 ERROR c.b.l.TestNGListener [TestNG-test=Main Menu testing-1] Test 'verifyMainMenuItemNewInTest' was failed!
2024-05-30 10:33:31,724 ERROR c.b.l.TestNGListener [TestNG-test=Main Menu testing-1] Test 'verifyMainMenuItemNewInTest' was failed!
2024-05-30 10:33:37,880 ERROR c.b.l.TestNGListener [TestNG-test=Main Menu testing-1] Test 'verifyMainMenuItemNewInTest' was failed!
2024-05-30 10:34:14,637 ERROR c.b.l.TestNGListener [TestNG-test=Main Menu testing-1] Test 'verifyMainMenuItemNewInTest' was failed!
2024-05-30 10:34:20,189 ERROR c.b.l.TestNGListener [TestNG-test=Main Menu testing-1] Test 'verifyMainMenuItemNewInTest' was failed!
2024-05-30 10:34:37,924 ERROR c.b.l.TestNGListener [TestNG-test=Main Menu testing-1] Test 'verifyMainMenuItemNewInTest' was failed!
2024-05-30 10:34:43,111 ERROR c.b.l.TestNGListener [TestNG-test=Main Menu testing-1] Test 'verifyMainMenuItemNewInTest' was failed!
2024-05-30 10:37:23,362 ERROR c.b.l.TestNGListener [TestNG-test=Main Menu testing-1] Test 'verifyMainMenuItemNewInTest' was failed!
2024-05-30 10:37:27,049 ERROR c.b.l.TestNGListener [TestNG-test=Main Menu testing-1] Test 'verifyMainMenuItemNewInTest' was failed!
2024-05-30 10:37:29,996 ERROR c.b.l.TestNGListener [TestNG-test=Main Menu testing-1] Test 'verifyMainMenuItemNewInTest' was failed!
2024-05-30 10:37:34,584 ERROR c.b.l.TestNGListener [TestNG-test=Main Menu testing-1] Test 'verifyMainMenuItemNewInTest' was failed!
2024-05-30 10:37:38,276 ERROR c.b.l.TestNGListener [TestNG-test=Main Menu testing-1] Test 'verifyMainMenuItemNewInTest' was failed!
2024-05-30 10:37:41,502 ERROR c.b.l.TestNGListener [TestNG-test=Main Menu testing-1] Test 'verifyMainMenuItemNewInTest' was failed!
2024-05-30 10:37:44,259 ERROR c.b.l.TestNGListener [TestNG-test=Main Menu testing-1] Test 'verifyMainMenuItemNewInTest' was failed!
2024-05-30 10:37:47,644 ERROR c.b.l.TestNGListener [TestNG-test=Main Menu testing-1] Test 'verifyMainMenuItemNewInTest' was failed!
2024-05-30 10:39:50,372 ERROR c.b.l.TestNGListener [TestNG-test=Main Menu testing-1] Test 'verifyMainMenuItemNewInTest' was failed!
2024-05-30 10:39:55,423 ERROR c.b.l.TestNGListener [TestNG-test=Main Menu testing-1] Test 'verifyMainMenuItemNewInTest' was failed!
2024-05-30 10:40:01,466 ERROR c.b.l.TestNGListener [TestNG-test=Main Menu testing-1] Test 'verifyMainMenuItemNewInTest' was failed!
2024-05-30 10:40:13,304 ERROR c.b.l.TestNGListener [TestNG-test=Main Menu testing-1] Test 'verifyMainMenuItemNewInTest' was failed!
2024-05-30 10:40:21,041 ERROR c.b.l.TestNGListener [TestNG-test=Main Menu testing-1] Test 'verifyMainMenuItemNewInTest' was failed!
2024-05-30 10:40:26,719 ERROR c.b.l.TestNGListener [TestNG-test=Main Menu testing-1] Test 'verifyMainMenuItemNewInTest' was failed!
2024-05-30 10:42:39,593 ERROR c.b.l.TestNGListener [TestNG-test=Main Menu testing-1] Test 'verifyMainMenuItemNewInTest' was failed!
2024-05-30 10:42:44,304 ERROR c.b.l.TestNGListener [TestNG-test=Main Menu testing-1] Test 'verifyMainMenuItemNewInTest' was failed!
2024-05-30 10:42:48,406 ERROR c.b.l.TestNGListener [TestNG-test=Main Menu testing-1] Test 'verifyMainMenuItemNewInTest' was failed!
2024-05-30 10:42:53,418 ERROR c.b.l.TestNGListener [TestNG-test=Main Menu testing-1] Test 'verifyMainMenuItemNewInTest' was failed!
2024-05-30 10:42:57,743 ERROR c.b.l.TestNGListener [TestNG-test=Main Menu testing-1] Test 'verifyMainMenuItemNewInTest' was failed!
2024-05-30 10:43:02,203 ERROR c.b.l.TestNGListener [TestNG-test=Main Menu testing-1] Test 'verifyMainMenuItemNewInTest' was failed!
2024-05-30 10:43:05,916 ERROR c.b.l.TestNGListener [TestNG-test=Main Menu testing-1] Test 'verifyMainMenuItemNewInTest' was failed!
2024-05-30 10:44:58,179 ERROR c.b.l.TestNGListener [TestNG-test=Main Menu testing-1] Test 'verifyMainMenuItemNewInTest' was failed!
2024-05-30 10:45:02,051 ERROR c.b.l.TestNGListener [TestNG-test=Main Menu testing-1] Test 'verifyMainMenuItemNewInTest' was failed!
2024-05-30 10:45:05,717 ERROR c.b.l.TestNGListener [TestNG-test=Main Menu testing-1] Test 'verifyMainMenuItemNewInTest' was failed!
2024-05-30 10:45:09,503 ERROR c.b.l.TestNGListener [TestNG-test=Main Menu testing-1] Test 'verifyMainMenuItemNewInTest' was failed!
2024-05-30 10:45:17,276 ERROR c.b.l.TestNGListener [TestNG-test=Main Menu testing-1] Test 'verifyMainMenuItemNewInTest' was failed!
2024-05-30 10:45:21,141 ERROR c.b.l.TestNGListener [TestNG-test=Main Menu testing-1] Test 'verifyMainMenuItemNewInTest' was failed!
2024-05-30 10:53:13,007 ERROR c.b.l.TestNGListener [TestNG-test=Main Menu testing-1] Test 'verifyMainMenuItemNewInTest' was failed!
2024-05-30 10:53:16,293 ERROR c.b.l.TestNGListener [TestNG-test=Main Menu testing-1] Test 'verifyMainMenuItemNewInTest' was failed!
2024-05-30 10:53:19,943 ERROR c.b.l.TestNGListener [TestNG-test=Main Menu testing-1] Test 'verifyMainMenuItemNewInTest' was failed!
2024-05-30 10:53:23,395 ERROR c.b.l.TestNGListener [TestNG-test=Main Menu testing-1] Test 'verifyMainMenuItemNewInTest' was failed!
2024-05-30 10:53:27,469 ERROR c.b.l.TestNGListener [TestNG-test=Main Menu testing-1] Test 'verifyMainMenuItemNewInTest' was failed!
2024-05-30 10:53:32,481 ERROR c.b.l.TestNGListener [TestNG-test=Main Menu testing-1] Test 'verifyMainMenuItemNewInTest' was failed!
2024-05-30 10:53:36,324 ERROR c.b.l.TestNGListener [TestNG-test=Main Menu testing-1] Test 'verifyMainMenuItemNewInTest' was failed!
2024-05-30 10:53:39,861 ERROR c.b.l.TestNGListener [TestNG-test=Main Menu testing-1] Test 'verifyMainMenuItemNewInTest' was failed!
2024-05-30 11:19:29,843 ERROR c.b.l.TestNGListener [TestNG-test=Main Menu testing-1] Test 'verifyMainMenuItemNewInTest' was failed!
2024-05-30 11:19:32,937 ERROR c.b.l.TestNGListener [TestNG-test=Main Menu testing-1] Test 'verifyMainMenuItemNewInTest' was failed!
2024-05-30 11:19:36,285 ERROR c.b.l.TestNGListener [TestNG-test=Main Menu testing-1] Test 'verifyMainMenuItemNewInTest' was failed!
2024-05-30 11:19:42,435 ERROR c.b.l.TestNGListener [TestNG-test=Main Menu testing-1] Test 'verifyMainMenuItemNewInTest' was failed!
2024-05-30 11:19:47,600 ERROR c.b.l.TestNGListener [TestNG-test=Main Menu testing-1] Test 'verifyMainMenuItemNewInTest' was failed!
2024-05-30 11:19:52,659 ERROR c.b.l.TestNGListener [TestNG-test=Main Menu testing-1] Test 'verifyMainMenuItemNewInTest' was failed!
2024-05-30 11:20:07,656 ERROR c.b.l.TestNGListener [TestNG-test=Main Menu testing-1] Test 'verifyMainMenuItemNewInTest' was failed!
2024-05-30 11:20:11,556 ERROR c.b.l.TestNGListener [TestNG-test=Main Menu testing-1] Test 'verifyMainMenuItemNewInTest' was failed!
2024-05-30 11:24:43,181 ERROR c.b.l.TestNGListener [TestNG-test=Main Menu testing-1] Test 'verifyMainMenuItemNewInTest' was failed!
2024-05-30 11:24:48,846 ERROR c.b.l.TestNGListener [TestNG-test=Main Menu testing-1] Test 'verifyMainMenuItemNewInTest' was failed!
2024-05-30 11:24:54,680 ERROR c.b.l.TestNGListener [TestNG-test=Main Menu testing-1] Test 'verifyMainMenuItemNewInTest' was failed!
2024-05-30 11:32:52,252 ERROR c.b.l.TestNGListener [TestNG-test=Main Menu testing-1] Test 'verifyMainMenuItemNewInTest' was failed!
2024-05-30 11:33:54,096 ERROR c.b.l.TestNGListener [TestNG-test=Main Menu testing-1] Test 'verifyMainMenuItemNewInTest' was failed!
2024-05-30 11:33:57,895 ERROR c.b.l.TestNGListener [TestNG-test=Main Menu testing-1] Test 'verifyMainMenuItemNewInTest' was failed!
2024-05-30 11:34:01,769 ERROR c.b.l.TestNGListener [TestNG-test=Main Menu testing-1] Test 'verifyMainMenuItemNewInTest' was failed!
2024-05-30 11:34:07,241 ERROR c.b.l.TestNGListener [TestNG-test=Main Menu testing-1] Test 'verifyMainMenuItemNewInTest' was failed!
2024-05-30 11:50:12,344 ERROR c.b.l.TestNGListener [TestNG-test=Main Menu testing-1] Test 'verifyMainMenuItemNewInTest' was failed!
2024-05-30 11:50:15,684 ERROR c.b.l.TestNGListener [TestNG-test=Main Menu testing-1] Test 'verifyMainMenuItemNewInTest' was failed!
2024-05-30 11:50:20,135 ERROR c.b.l.TestNGListener [TestNG-test=Main Menu testing-1] Test 'verifyMainMenuItemNewInTest' was failed!
2024-05-30 11:50:23,467 ERROR c.b.l.TestNGListener [TestNG-test=Main Menu testing-1] Test 'verifyMainMenuItemNewInTest' was failed!
2024-05-30 11:50:30,554 ERROR c.b.l.TestNGListener [TestNG-test=Main Menu testing-1] Test 'verifyMainMenuItemNewInTest' was failed!
2024-05-30 11:50:34,275 ERROR c.b.l.TestNGListener [TestNG-test=Main Menu testing-1] Test 'verifyMainMenuItemNewInTest' was failed!
2024-05-30 11:50:37,793 ERROR c.b.l.TestNGListener [TestNG-test=Main Menu testing-1] Test 'verifyMainMenuItemNewInTest' was failed!
2024-05-30 11:57:52,709 ERROR c.b.l.TestNGListener [TestNG-test=Main Menu testing-1] Test 'verifyMainMenuItemNewInTest' was failed!
2024-05-30 11:57:56,257 ERROR c.b.l.TestNGListener [TestNG-test=Main Menu testing-1] Test 'verifyMainMenuItemNewInTest' was failed!
2024-05-30 11:58:02,039 ERROR c.b.l.TestNGListener [TestNG-test=Main Menu testing-1] Test 'verifyMainMenuItemNewInTest' was failed!
2024-05-30 11:58:13,641 ERROR c.b.l.TestNGListener [TestNG-test=Main Menu testing-1] Test 'verifyMainMenuItemNewInTest' was failed!
2024-05-30 11:58:18,058 ERROR c.b.l.TestNGListener [TestNG-test=Main Menu testing-1] Test 'verifyMainMenuItemNewInTest' was failed!
2024-05-30 12:03:03,609 ERROR c.b.l.TestNGListener [TestNG-test=Main Menu testing-1] Test 'verifyMainMenuItemNewInTest' was failed!
2024-05-30 12:03:07,517 ERROR c.b.l.TestNGListener [TestNG-test=Main Menu testing-1] Test 'verifyMainMenuItemNewInTest' was failed!
2024-05-30 12:03:11,111 ERROR c.b.l.TestNGListener [TestNG-test=Main Menu testing-1] Test 'verifyMainMenuItemNewInTest' was failed!
2024-05-30 12:03:15,865 ERROR c.b.l.TestNGListener [TestNG-test=Main Menu testing-1] Test 'verifyMainMenuItemNewInTest' was failed!
2024-05-30 12:03:20,717 ERROR c.b.l.TestNGListener [TestNG-test=Main Menu testing-1] Test 'verifyMainMenuItemNewInTest' was failed!
2024-05-30 12:03:25,041 ERROR c.b.l.TestNGListener [TestNG-test=Main Menu testing-1] Test 'verifyMainMenuItemNewInTest' was failed!
2024-05-30 12:03:29,117 ERROR c.b.l.TestNGListener [TestNG-test=Main Menu testing-1] Test 'verifyMainMenuItemNewInTest' was failed!
2024-05-30 12:09:34,760 ERROR c.b.l.TestNGListener [TestNG-test=Main Menu testing-1] Test 'verifyMainMenuItemNewInTest' was failed!
2024-05-30 12:09:58,082 ERROR c.b.l.TestNGListener [TestNG-test=Main Menu testing-1] Test 'verifyMainMenuItemNewInTest' was failed!
2024-05-30 12:10:13,879 ERROR c.b.l.TestNGListener [TestNG-test=Main Menu testing-1] Test 'verifyMainMenuItemNewInTest' was failed!
2024-05-30 12:10:29,325 ERROR c.b.l.TestNGListener [TestNG-test=Main Menu testing-1] Test 'verifyMainMenuItemNewInTest' was failed!
2024-05-30 12:10:43,113 ERROR c.b.l.TestNGListener [TestNG-test=Main Menu testing-1] Test 'verifyMainMenuItemNewInTest' was failed!
2024-05-30 12:10:56,985 ERROR c.b.l.TestNGListener [TestNG-test=Main Menu testing-1] Test 'verifyMainMenuItemNewInTest' was failed!
2024-05-30 12:11:10,916 ERROR c.b.l.TestNGListener [TestNG-test=Main Menu testing-1] Test 'verifyMainMenuItemNewInTest' was failed!
2024-05-30 12:15:33,707 ERROR c.b.l.TestNGListener [TestNG-test=Main Menu testing-1] Test 'verifyMainMenuItemNewInTest' was failed!
2024-05-30 12:15:52,848 ERROR c.b.l.TestNGListener [TestNG-test=Main Menu testing-1] Test 'verifyMainMenuItemNewInTest' was failed!
2024-05-30 12:16:07,447 ERROR c.b.l.TestNGListener [TestNG-test=Main Menu testing-1] Test 'verifyMainMenuItemNewInTest' was failed!
2024-05-30 12:16:25,346 ERROR c.b.l.TestNGListener [TestNG-test=Main Menu testing-1] Test 'verifyMainMenuItemNewInTest' was failed!
2024-05-30 12:16:42,395 ERROR c.b.l.TestNGListener [TestNG-test=Main Menu testing-1] Test 'verifyMainMenuItemNewInTest' was failed!
2024-05-30 12:16:57,940 ERROR c.b.l.TestNGListener [TestNG-test=Main Menu testing-1] Test 'verifyMainMenuItemNewInTest' was failed!
2024-05-30 12:17:12,744 ERROR c.b.l.TestNGListener [TestNG-test=Main Menu testing-1] Test 'verifyMainMenuItemNewInTest' was failed!
2024-05-30 12:30:33,610 ERROR c.b.l.TestNGListener [TestNG-test=Main Menu testing-1] Test 'verifyMainMenuItemNewInTest' was failed!
2024-05-30 12:30:47,944 ERROR c.b.l.TestNGListener [TestNG-test=Main Menu testing-1] Test 'verifyMainMenuItemNewInTest' was failed!
2024-05-30 12:31:14,831 ERROR c.b.l.TestNGListener [TestNG-test=Main Menu testing-1] Test 'verifyMainMenuItemNewInTest' was failed!
2024-05-30 12:31:31,236 ERROR c.b.l.TestNGListener [TestNG-test=Main Menu testing-1] Test 'verifyMainMenuItemNewInTest' was failed!
2024-05-30 12:40:09,598 ERROR c.b.l.TestNGListener [TestNG-test=Main Menu testing-1] Test 'verifyMainMenuItemNewInTest' was failed!
2024-05-30 12:40:24,872 ERROR c.b.l.TestNGListener [TestNG-test=Main Menu testing-1] Test 'verifyMainMenuItemNewInTest' was failed!
2024-05-30 12:40:49,228 ERROR c.b.l.TestNGListener [TestNG-test=Main Menu testing-1] Test 'verifyMainMenuItemNewInTest' was failed!
2024-05-30 12:41:03,070 ERROR c.b.l.TestNGListener [TestNG-test=Main Menu testing-1] Test 'verifyMainMenuItemNewInTest' was failed!
2024-05-30 12:43:14,999 ERROR c.b.l.TestNGListener [TestNG-test=Main Menu testing-1] Test 'verifyMainMenuItemNewInTest' was failed!
2024-05-30 12:43:20,739 ERROR c.b.l.TestNGListener [TestNG-test=Main Menu testing-1] Test 'verifyMainMenuItemNewInTest' was failed!
2024-05-30 12:43:36,631 ERROR c.b.l.TestNGListener [TestNG-test=Main Menu testing-1] Test 'verifyMainMenuItemNewInTest' was failed!
2024-05-30 12:43:43,143 ERROR c.b.l.TestNGListener [TestNG-test=Main Menu testing-1] Test 'verifyMainMenuItemNewInTest' was failed!
2024-05-30 13:02:41,235 ERROR c.b.l.TestNGListener [TestNG-test=Main Menu testing-1] Test 'verifyMainMenuItemNewInTest' was failed!
2024-05-30 13:02:47,195 ERROR c.b.l.TestNGListener [TestNG-test=Main Menu testing-1] Test 'verifyMainMenuItemNewInTest' was failed!
2024-05-30 13:03:01,580 ERROR c.b.l.TestNGListener [TestNG-test=Main Menu testing-1] Test 'verifyMainMenuItemNewInTest' was failed!
2024-05-30 13:03:06,460 ERROR c.b.l.TestNGListener [TestNG-test=Main Menu testing-1] Test 'verifyMainMenuItemNewInTest' was failed!
2024-05-30 13:26:49,471 ERROR c.b.l.TestNGListener [TestNG-test=Main Menu testing-1] Test 'verifyMainMenuItemNewInTest' was failed!
2024-05-30 13:26:59,563 ERROR c.b.l.TestNGListener [TestNG-test=Main Menu testing-1] Test 'verifyMainMenuItemNewInTest' was failed!
2024-05-30 13:27:05,206 ERROR c.b.l.TestNGListener [TestNG-test=Main Menu testing-1] Test 'verifyMainMenuItemNewInTest' was failed!
2024-05-30 13:27:21,812 ERROR c.b.l.TestNGListener [TestNG-test=Main Menu testing-1] Test 'verifyMainMenuItemNewInTest' was failed!
2024-05-30 13:27:27,495 ERROR c.b.l.TestNGListener [TestNG-test=Main Menu testing-1] Test 'verifyMainMenuItemNewInTest' was failed!
2024-05-30 13:33:01,480 ERROR c.b.l.TestNGListener [TestNG-test=Main Menu testing-1] Test 'verifyMainMenuItemNewInTest' was failed!
2024-05-30 13:33:07,051 ERROR c.b.l.TestNGListener [TestNG-test=Main Menu testing-1] Test 'verifyMainMenuItemNewInTest' was failed!
2024-05-30 13:33:21,727 ERROR c.b.l.TestNGListener [TestNG-test=Main Menu testing-1] Test 'verifyMainMenuItemNewInTest' was failed!
2024-05-30 13:33:27,582 ERROR c.b.l.TestNGListener [TestNG-test=Main Menu testing-1] Test 'verifyMainMenuItemNewInTest' was failed!
2024-05-30 13:36:48,883 ERROR c.b.l.TestNGListener [TestNG-test=Main Menu testing-1] Test 'verifyMainMenuItemNewInTest' was failed!
2024-05-30 13:36:54,127 ERROR c.b.l.TestNGListener [TestNG-test=Main Menu testing-1] Test 'verifyMainMenuItemNewInTest' was failed!
2024-05-30 13:37:07,647 ERROR c.b.l.TestNGListener [TestNG-test=Main Menu testing-1] Test 'verifyMainMenuItemNewInTest' was failed!
2024-05-30 13:37:12,254 ERROR c.b.l.TestNGListener [TestNG-test=Main Menu testing-1] Test 'verifyMainMenuItemNewInTest' was failed!
2024-05-30 13:40:20,931 ERROR c.b.l.TestNGListener [TestNG-test=Main Menu testing-1] Test 'verifyMainMenuItemNewInTest' was failed!
2024-05-30 13:40:26,905 ERROR c.b.l.TestNGListener [TestNG-test=Main Menu testing-1] Test 'verifyMainMenuItemNewInTest' was failed!
2024-05-30 13:40:43,195 ERROR c.b.l.TestNGListener [TestNG-test=Main Menu testing-1] Test 'verifyMainMenuItemNewInTest' was failed!
2024-05-30 13:40:49,618 ERROR c.b.l.TestNGListener [TestNG-test=Main Menu testing-1] Test 'verifyMainMenuItemNewInTest' was failed!
2024-05-30 13:48:37,989 ERROR c.b.l.TestNGListener [TestNG-test=Main Menu testing-1] Test 'verifyMainMenuItemNewInTest' was failed!
2024-05-30 13:48:42,608 ERROR c.b.l.TestNGListener [TestNG-test=Main Menu testing-1] Test 'verifyMainMenuItemNewInTest' was failed!
2024-05-30 13:48:54,737 ERROR c.b.l.TestNGListener [TestNG-test=Main Menu testing-1] Test 'verifyMainMenuItemNewInTest' was failed!
2024-05-30 13:48:59,988 ERROR c.b.l.TestNGListener [TestNG-test=Main Menu testing-1] Test 'verifyMainMenuItemNewInTest' was failed!
2024-05-30 13:51:09,292 ERROR c.b.l.TestNGListener [TestNG-test=Main Menu testing-1] Test 'verifyMainMenuItemNewInTest' was failed!
2024-05-30 13:51:14,468 ERROR c.b.l.TestNGListener [TestNG-test=Main Menu testing-1] Test 'verifyMainMenuItemNewInTest' was failed!
2024-05-30 13:51:29,889 ERROR c.b.l.TestNGListener [TestNG-test=Main Menu testing-1] Test 'verifyMainMenuItemNewInTest' was failed!
2024-05-30 13:51:34,737 ERROR c.b.l.TestNGListener [TestNG-test=Main Menu testing-1] Test 'verifyMainMenuItemNewInTest' was failed!
2024-05-30 13:53:05,763 ERROR c.b.l.TestNGListener [TestNG-test-Main Menu testing-1] Test 'verifyMainMenuItemNewInTest' was failed!
2024-05-30 13:53:12,098 ERROR c.b.l.TestNGListener [TestNG-test-Main Menu testing-1] Test 'verifyMainMenuItemNewInTest' was failed!
2024-05-30 13:53:26,722 ERROR c.b.l.TestNGListener [TestNG-test-Main Menu testing-1] Test 'verifyMainMenuItemNewInTest' was failed!
2024-05-30 13:53:31,473 ERROR c.b.l.TestNGListener [TestNG-test-Main Menu testing-1] Test 'verifyMainMenuItemNewInTest' was failed!
2024-05-30 13:54:25,051 ERROR c.b.l.TestNGListener [TestNG-test=Main Menu testing-1] Test 'verifyMainMenuItemNewInTest' was failed!
2024-05-30 13:54:30,300 ERROR c.b.l.TestNGListener [TestNG-test=Main Menu testing-1] Test 'verifyMainMenuItemNewInTest' was failed!
2024-05-30 13:54:44,955 ERROR c.b.l.TestNGListener [TestNG-test=Main Menu testing-1] Test 'verifyMainMenuItemNewInTest' was failed!
2024-05-30 13:54:52,509 ERROR c.b.l.TestNGListener [TestNG-test=Main Menu testing-1] Test 'verifyMainMenuItemNewInTest' was failed!
2024-05-30 14:36:23,915 ERROR c.b.l.TestNGListener [TestNG-test=Main Menu testing-1] Test 'verifyMainMenuItemNewInTest' was failed!
2024-05-30 14:36:29,773 ERROR c.b.l.TestNGListener [TestNG-test=Main Menu testing-1] Test 'verifyMainMenuItemNewInTest' was failed!
2024-05-30 14:36:43,909 ERROR c.b.l.TestNGListener [TestNG-test=Main Menu testing-1] Test 'verifyMainMenuItemNewInTest' was failed!
2024-05-30 14:36:49,158 ERROR c.b.l.TestNGListener [TestNG-test=Main Menu testing-1] Test 'verifyMainMenuItemNewInTest' was failed!
2024-05-30 14:40:38,142 ERROR c.b.l.TestNGListener [TestNG-test=Main Menu testing-1] Test 'verifyMainMenuItemTest' was failed!
2024-05-30 14:40:43,207 ERROR c.b.l.TestNGListener [TestNG-test=Main Menu testing-1] Test 'verifyMainMenuItemTest' was failed!
2024-05-30 14:40:57,811 ERROR c.b.l.TestNGListener [TestNG-test=Main Menu testing-1] Test 'verifyMainMenuItemTest' was failed!
2024-05-30 14:41:03,467 ERROR c.b.l.TestNGListener [TestNG-test=Main Menu testing-1] Test 'verifyMainMenuItemTest' was failed!
2024-05-30 14:59:54,807 ERROR c.b.l.TestNGListener [TestNG-test=Main Menu testing-1] Test 'verifyMainMenuItemTest' was failed!
2024-05-30 15:00:00,505 ERROR c.b.l.TestNGListener [TestNG-test=Main Menu testing-1] Test 'verifyMainMenuItemTest' was failed!
2024-05-30 15:00:13,758 ERROR c.b.l.TestNGListener [TestNG-test=Main Menu testing-1] Test 'verifyMainMenuItemTest' was failed!
2024-05-30 15:00:19,320 ERROR c.b.l.TestNGListener [TestNG-test=Main Menu testing-1] Test 'verifyMainMenuItemTest' was failed!
2024-05-30 15:02:08,788 ERROR c.b.l.TestNGListener [TestNG-test=Main Menu testing-1] Test 'verifyMainMenuItemTest' was failed!
2024-05-30 15:02:14,089 ERROR c.b.l.TestNGListener [TestNG-test=Main Menu testing-1] Test 'verifyMainMenuItemTest' was failed!
2024-05-30 15:02:28,358 ERROR c.b.l.TestNGListener [TestNG-test=Main Menu testing-1] Test 'verifyMainMenuItemTest' was failed!
2024-05-30 15:02:33,621 ERROR c.b.l.TestNGListener [TestNG-test=Main Menu testing-1] Test 'verifyMainMenuItemTest' was failed!
2024-05-30 15:11:41,539 ERROR c.b.l.TestNGListener [TestNG-test=Main Menu testing-1] Test 'verifyMainMenuItemTest' was failed!
2024-05-30 15:11:47,343 ERROR c.b.l.TestNGListener [TestNG-test=Main Menu testing-1] Test 'verifyMainMenuItemTest' was failed!
2024-05-30 15:12:00,445 ERROR c.b.l.TestNGListener [TestNG-test=Main Menu testing-1] Test 'verifyMainMenuItemTest' was failed!
2024-05-30 15:12:06,126 ERROR c.b.l.TestNGListener [TestNG-test=Main Menu testing-1] Test 'verifyMainMenuItemTest' was failed!
2024-05-30 15:18:09,634 ERROR c.b.l.TestNGListener [TestNG-test=Main Menu testing-1] Test 'verifyMainMenuItemTest' was failed!
2024-05-30 15:18:15,099 ERROR c.b.l.TestNGListener [TestNG-test=Main Menu testing-1] Test 'verifyMainMenuItemTest' was failed!
2024-05-30 15:18:28,401 ERROR c.b.l.TestNGListener [TestNG-test=Main Menu testing-1] Test 'verifyMainMenuItemTest' was failed!
2024-05-30 15:18:33,634 ERROR c.b.l.TestNGListener [TestNG-test=Main Menu testing-1] Test 'verifyMainMenuItemTest' was failed!
2024-05-30 15:27:57,012 ERROR c.b.l.TestNGListener [TestNG-test=Main Menu testing-1] Test 'verifyMainMenuItemTest' was failed!
2024-05-30 15:28:01,771 ERROR c.b.l.TestNGListener [TestNG-test=Main Menu testing-1] Test 'verifyMainMenuItemTest' was failed!
2024-05-30 15:28:15,884 ERROR c.b.l.TestNGListener [TestNG-test=Main Menu testing-1] Test 'verifyMainMenuItemTest' was failed!
2024-05-30 15:28:22,051 ERROR c.b.l.TestNGListener [TestNG-test=Main Menu testing-1] Test 'verifyMainMenuItemTest' was failed!
2024-05-30 15:31:18,449 ERROR c.b.l.TestNGListener [TestNG-test=Main Menu testing-1] Test 'verifyMainMenuItemTest' was failed!
2024-05-30 15:31:23,729 ERROR c.b.l.TestNGListener [TestNG-test=Main Menu testing-1] Test 'verifyMainMenuItemTest' was failed!
2024-05-30 15:31:39,891 ERROR c.b.l.TestNGListener [TestNG-test=Main Menu testing-1] Test 'verifyMainMenuItemTest' was failed!
2024-05-30 15:31:45,672 ERROR c.b.l.TestNGListener [TestNG-test=Main Menu testing-1] Test 'verifyMainMenuItemTest' was failed!
2024-05-30 15:34:48,040 ERROR c.b.l.TestNGListener [TestNG-test=Main Menu testing-1] Test 'verifyMainMenuItemTest' was failed!
2024-05-30 15:34:54,369 ERROR c.b.l.TestNGListener [TestNG-test=Main Menu testing-1] Test 'verifyMainMenuItemTest' was failed!
2024-05-30 15:35:09,891 ERROR c.b.l.TestNGListener [TestNG-test=Main Menu testing-1] Test 'verifyMainMenuItemTest' was failed!
2024-05-30 15:35:15,964 ERROR c.b.l.TestNGListener [TestNG-test=Main Menu testing-1] Test 'verifyMainMenuItemTest' was failed!
2024-05-30 16:00:07,195 ERROR c.b.l.TestNGListener [TestNG-test=Main Menu testing-1] Test 'verifyMainMenuItemTest' was failed!
2024-05-30 16:00:12,325 ERROR c.b.l.TestNGListener [TestNG-test=Main Menu testing-1] Test 'verifyMainMenuItemTest' was failed!
2024-05-30 16:00:26,605 ERROR c.b.l.TestNGListener [TestNG-test=Main Menu testing-1] Test 'verifyMainMenuItemTest' was failed!
2024-05-30 16:00:32,380 ERROR c.b.l.TestNGListener [TestNG-test=Main Menu testing-1] Test 'verifyMainMenuItemTest' was failed!
2024-05-30 16:02:36,679 ERROR c.b.l.TestNGListener [TestNG-test=Main Menu testing-1] Test 'verifyMainMenuItemTest' was failed!
2024-05-30 16:02:42,340 ERROR c.b.l.TestNGListener [TestNG-test=Main Menu testing-1] Test 'verifyMainMenuItemTest' was failed!
2024-05-30 16:02:57,764 ERROR c.b.l.TestNGListener [TestNG-test=Main Menu testing-1] Test 'verifyMainMenuItemTest' was failed!
2024-05-30 16:03:03,197 ERROR c.b.l.TestNGListener [TestNG-test=Main Menu testing-1] Test 'verifyMainMenuItemTest' was failed!
2024-05-30 16:06:42,137 ERROR c.b.l.TestNGListener [TestNG-test=Main Menu testing-1] Test 'verifyMainMenuItemTest' was failed!
2024-05-30 16:06:47,693 ERROR c.b.l.TestNGListener [TestNG-test=Main Menu testing-1] Test 'verifyMainMenuItemTest' was failed!
2024-05-30 16:07:01,846 ERROR c.b.l.TestNGListener [TestNG-test=Main Menu testing-1] Test 'verifyMainMenuItemTest' was failed!
2024-05-30 16:07:07,711 ERROR c.b.l.TestNGListener [TestNG-test=Main Menu testing-1] Test 'verifyMainMenuItemTest' was failed!
2024-05-30 16:47:56,169 ERROR c.b.l.TestNGListener [TestNG-test=Main Menu testing-1] Test 'verifyMainMenuItemTest' was failed!
2024-05-30 16:48:01,646 ERROR c.b.l.TestNGListener [TestNG-test=Main Menu testing-1] Test 'verifyMainMenuItemTest' was failed!
2024-05-30 16:48:15,053 ERROR c.b.l.TestNGListener [TestNG-test=Main Menu testing-1] Test 'verifyMainMenuItemTest' was failed!
2024-05-30 16:48:20,850 ERROR c.b.l.TestNGListener [TestNG-test=Main Menu testing-1] Test 'verifyMainMenuItemTest' was failed!
2024-05-30 18:18:04,184 ERROR c.b.l.TestNGListener [TestNG-test=Main Menu testing-1] Test 'verifyMainMenuItemTest' was failed!
2024-05-30 18:18:10,267 ERROR c.b.l.TestNGListener [TestNG-test=Main Menu testing-1] Test 'verifyMainMenuItemTest' was failed!
2024-05-30 18:18:24,376 ERROR c.b.l.TestNGListener [TestNG-test=Main Menu testing-1] Test 'verifyMainMenuItemTest' was failed!
2024-05-30 18:18:29,277 ERROR c.b.l.TestNGListener [TestNG-test=Main Menu testing-1] Test 'verifyMainMenuItemTest' was failed!
2024-05-30 18:21:28,620 ERROR c.b.l.TestNGListener [TestNG-test=Main Menu testing-1] Test 'verifyMainMenuItemTest' was failed!
2024-05-30 18:21:33,582 ERROR c.b.l.TestNGListener [TestNG-test=Main Menu testing-1] Test 'verifyMainMenuItemTest' was failed!
2024-05-30 18:21:47,645 ERROR c.b.l.TestNGListener [TestNG-test=Main Menu testing-1] Test 'verifyMainMenuItemTest' was failed!
2024-05-30 18:21:52,350 ERROR c.b.l.TestNGListener [TestNG-test=Main Menu testing-1] Test 'verifyMainMenuItemTest' was failed!
2024-05-30 18:30:42,088 ERROR c.b.l.TestNGListener [TestNG-test=Main Menu testing-1] Test 'verifyMainMenuItemTest' was failed!
2024-05-30 18:30:44,689 ERROR c.b.l.TestNGListener [TestNG-test=Main Menu testing-1] Test 'verifyMainMenuItemTest' was failed!
2024-05-30 18:30:47,282 ERROR c.b.l.TestNGListener [TestNG-test=Main Menu testing-1] Test 'verifyMainMenuItemTest' was failed!
2024-05-30 18:30:50,371 ERROR c.b.l.TestNGListener [TestNG-test=Main Menu testing-1] Test 'verifyMainMenuItemTest' was failed!
2024-05-30 18:30:54,030 ERROR c.b.l.TestNGListener [TestNG-test=Main Menu testing-1] Test 'verifyMainMenuItemTest' was failed!
2024-05-30 18:30:56,929 ERROR c.b.l.TestNGListener [TestNG-test=Main Menu testing-1] Test 'verifyMainMenuItemTest' was failed!
2024-05-30 18:31:01,470 ERROR c.b.l.TestNGListener [TestNG-test=Main Menu testing-1] Test 'verifyMainMenuItemTest' was failed!
2024-05-30 18:31:05,078 ERROR c.b.l.TestNGListener [TestNG-test=Main Menu testing-1] Test 'verifyMainMenuItemTest' was failed!
2024-05-30 18:35:24,140 ERROR c.b.l.TestNGListener [TestNG-test=Main Menu testing-1] Test 'verifyMainMenuItemTest' was failed!
2024-05-30 18:35:29,410 ERROR c.b.l.TestNGListener [TestNG-test=Main Menu testing-1] Test 'verifyMainMenuItemTest' was failed!
2024-05-30 18:35:31,831 ERROR c.b.l.TestNGListener [TestNG-test=Main Menu testing-1] Test 'verifyMainMenuItemTest' was failed!
2024-05-30 18:35:41,373 ERROR c.b.l.TestNGListener [TestNG-test=Main Menu testing-1] Test 'verifyMainMenuItemTest' was failed!
2024-05-30 18:35:47,262 ERROR c.b.l.TestNGListener [TestNG-test=Main Menu testing-1] Test 'verifyMainMenuItemTest' was failed!
2024-05-30 18:40:55,198 ERROR c.b.l.TestNGListener [TestNG-test=Main Menu testing-1] Test 'verifyMainMenuItemTest' was failed!
2024-05-30 18:41:00,600 ERROR c.b.l.TestNGListener [TestNG-test=Main Menu testing-1] Test 'verifyMainMenuItemTest' was failed!
2024-05-30 18:41:13,390 ERROR c.b.l.TestNGListener [TestNG-test=Main Menu testing-1] Test 'verifyMainMenuItemTest' was failed!
2024-05-30 18:41:18,537 ERROR c.b.l.TestNGListener [TestNG-test=Main Menu testing-1] Test 'verifyMainMenuItemTest' was failed!
2024-05-30 19:10:29,722 ERROR c.b.l.TestNGListener [TestNG-test=Main Menu testing-1] Test 'verifyMainMenuItemTest' was failed!
2024-05-30 19:10:35,373 ERROR c.b.l.TestNGListener [TestNG-test=Main Menu testing-1] Test 'verifyMainMenuItemTest' was failed!
2024-05-30 19:10:40,659 ERROR c.b.l.TestNGListener [TestNG-test=Main Menu testing-1] Test 'verifyMainMenuItemTest' was failed!
2024-05-30 19:10:46,103 ERROR c.b.l.TestNGListener [TestNG-test=Main Menu testing-1] Test 'verifyMainMenuItemTest' was failed!
2024-05-30 19:10:51,807 ERROR c.b.l.TestNGListener [TestNG-test=Main Menu testing-1] Test 'verifyMainMenuItemTest' was failed!
2024-05-30 19:10:57,063 ERROR c.b.l.TestNGListener [TestNG-test=Main Menu testing-1] Test 'verifyMainMenuItemTest' was failed!
2024-05-30 19:11:03,011 ERROR c.b.l.TestNGListener [TestNG-test=Main Menu testing-1] Test 'verifyMainMenuItemTest' was failed!
2024-05-30 19:11:08,795 ERROR c.b.l.TestNGListener [TestNG-test=Main Menu testing-1] Test 'verifyMainMenuItemTest' was failed!
2024-05-30 19:14:44,004 ERROR c.b.l.TestNGListener [TestNG-test=Main Menu testing-1] Test 'verifyMainMenuItemTest' was failed!
2024-05-30 19:14:48,737 ERROR c.b.l.TestNGListener [TestNG-test=Main Menu testing-1] Test 'verifyMainMenuItemTest' was failed!
2024-05-30 19:15:02,178 ERROR c.b.l.TestNGListener [TestNG-test=Main Menu testing-1] Test 'verifyMainMenuItemTest' was failed!
2024-05-30 19:15:06,828 ERROR c.b.l.TestNGListener [TestNG-test=Main Menu testing-1] Test 'verifyMainMenuItemTest' was failed!
2024-05-30 19:24:31,145 ERROR c.b.l.TestNGListener [TestNG-test=Main Menu testing-1] Test 'verifyMainMenuItemTest' was failed!
2024-05-30 19:24:37,085 ERROR c.b.l.TestNGListener [TestNG-test=Main Menu testing-1] Test 'verifyMainMenuItemTest' was failed!
2024-05-30 19:24:52,106 ERROR c.b.l.TestNGListener [TestNG-test=Main Menu testing-1] Test 'verifyMainMenuItemTest' was failed!
2024-05-30 19:24:58,802 ERROR c.b.l.TestNGListener [TestNG-test=Main Menu testing-1] Test 'verifyMainMenuItemTest' was failed!
2024-05-30 19:32:49,744 ERROR c.b.l.TestNGListener [main] Test 'verifyMainMenuItemTest' was failed!
2024-05-30 19:32:55,863 ERROR c.b.l.TestNGListener [main] Test 'verifyMainMenuItemTest' was failed!
2024-05-30 19:33:10,463 ERROR c.b.l.TestNGListener [main] Test 'verifyMainMenuItemTest' was failed!
2024-05-30 19:33:16,240 ERROR c.b.l.TestNGListener [main] Test 'verifyMainMenuItemTest' was failed!
2024-05-30 19:46:11,615 ERROR c.b.l.TestNGListener [main] Test 'verifyMainMenuItemTest' was failed!
2024-05-30 19:46:17,759 ERROR c.b.l.TestNGListener [main] Test 'verifyMainMenuItemTest' was failed!
2024-05-30 19:46:34,996 ERROR c.b.l.TestNGListener [main] Test 'verifyMainMenuItemTest' was failed!
2024-05-30 19:46:41,701 ERROR c.b.l.TestNGListener [main] Test 'verifyMainMenuItemTest' was failed!
2024-05-30 19:58:36,897 ERROR c.b.l.TestNGListener [main] Test 'verifyMainMenuItemTest' was failed!
2024-05-30 19:58:43,128 ERROR c.b.l.TestNGListener [main] Test 'verifyMainMenuItemTest' was failed!
2024-05-30 19:58:59,144 ERROR c.b.l.TestNGListener [main] Test 'verifyMainMenuItemTest' was failed!
2024-05-30 19:59:05,729 ERROR c.b.l.TestNGListener [main] Test 'verifyMainMenuItemTest' was failed!
2024-05-30 20:04:57,621 ERROR c.b.l.TestNGListener [TestNG-test=Main Menu testing-1] Test 'verifyMainMenuItemTest' was failed!
2024-05-30 20:05:03,989 ERROR c.b.l.TestNGListener [TestNG-test=Main Menu testing-1] Test 'verifyMainMenuItemTest' was failed!
2024-05-30 20:05:17,936 ERROR c.b.l.TestNGListener [TestNG-test=Main Menu testing-1] Test 'verifyMainMenuItemTest' was failed!
2024-05-30 20:05:24,099 ERROR c.b.l.TestNGListener [TestNG-test=Main Menu testing-1] Test 'verifyMainMenuItemTest' was failed!
2024-05-30 22:25:55,270 ERROR c.b.l.TestNGListener [main] Test 'verifyDropMainMenuItemTest' was failed!
2024-05-30 22:32:13,235 ERROR c.b.l.TestNGListener [main] Test 'verifyDropMainMenuItemTest' was failed!
2024-05-30 22:48:03,612 ERROR c.b.l.TestNGListener [main] Test 'verifyDropMainMenuItemTest' was failed!
2024-05-30 23:06:38,505 ERROR c.b.l.TestNGListener [main] Test 'verifyDropMainMenuItemTest' was failed!
2024-05-30 23:06:44,323 ERROR c.b.l.TestNGListener [main] Test 'verifyDropMainMenuItemTest' was failed!
2024-05-30 23:06:51,239 ERROR c.b.l.TestNGListener [main] Test 'verifyDropMainMenuItemTest' was failed!
2024-05-30 23:06:57,477 ERROR c.b.l.TestNGListener [main] Test 'verifyDropMainMenuItemTest' was failed!
2024-05-30 23:07:04,278 ERROR c.b.l.TestNGListener [main] Test 'verifyDropMainMenuItemTest' was failed!
2024-05-30 23:07:14,349 ERROR c.b.l.TestNGListener [main] Test 'verifyDropMainMenuItemTest' was failed!
2024-05-30 23:07:22,148 ERROR c.b.l.TestNGListener [main] Test 'verifyDropMainMenuItemTest' was failed!
2024-05-30 23:07:29,102 ERROR c.b.l.TestNGListener [main] Test 'verifyDropMainMenuItemTest' was failed!
2024-05-30 23:07:35,509 ERROR c.b.l.TestNGListener [main] Test 'verifyDropMainMenuItemTest' was failed!
2024-05-30 23:07:42,328 ERROR c.b.l.TestNGListener [main] Test 'verifyDropMainMenuItemTest' was failed!
2024-05-30 23:07:48,423 ERROR c.b.l.TestNGListener [main] Test 'verifyDropMainMenuItemTest' was failed!
2024-05-30 23:07:54,811 ERROR c.b.l.TestNGListener [main] Test 'verifyDropMainMenuItemTest' was failed!
2024-05-30 23:08:46,796 ERROR c.b.l.TestNGListener [main] Test 'verifyDropMainMenuItemTest' was failed!
2024-05-30 23:09:12,786 ERROR c.b.l.TestNGListener [main] Test 'verifyDropMainMenuItemTest' was failed!
2024-05-30 23:10:33,201 ERROR c.b.l.TestNGListener [main] Test 'verifyDropMainMenuItemTest' was failed!
2024-05-30 23:10:40,171 ERROR c.b.l.TestNGListener [main] Test 'verifyDropMainMenuItemTest' was failed!
2024-05-30 23:10:51,466 ERROR c.b.l.TestNGListener [main] Test 'verifyDropMainMenuItemTest' was failed!
2024-05-30 23:10:58,716 ERROR c.b.l.TestNGListener [main] Test 'verifyDropMainMenuItemTest' was failed!
2024-05-30 23:11:05,008 ERROR c.b.l.TestNGListener [main] Test 'verifyDropMainMenuItemTest' was failed!
2024-05-30 23:11:11,617 ERROR c.b.l.TestNGListener [main] Test 'verifyDropMainMenuItemTest' was failed!
2024-05-30 23:11:22,594 ERROR c.b.l.TestNGListener [main] Test 'verifyDropMainMenuItemTest' was failed!
2024-05-30 23:11:28,416 ERROR c.b.l.TestNGListener [main] Test 'verifyDropMainMenuItemTest' was failed!
2024-05-30 23:16:45,828 ERROR c.b.l.TestNGListener [TestNG-test=Main Menu testing-1] Test 'verifyDropMainMenuItemTest' was failed!
2024-05-30 23:16:55,558 ERROR c.b.l.TestNGListener [TestNG-test=Main Menu testing-1] Test 'verifyDropMainMenuItemTest' was failed!
2024-05-30 23:17:03,040 ERROR c.b.l.TestNGListener [TestNG-test=Main Menu testing-1] Test 'verifyDropMainMenuItemTest' was failed!
2024-05-30 23:17:09,916 ERROR c.b.l.TestNGListener [TestNG-test=Main Menu testing-1] Test 'verifyDropMainMenuItemTest' was failed!
2024-05-30 23:17:16,860 ERROR c.b.l.TestNGListener [TestNG-test=Main Menu testing-1] Test 'verifyDropMainMenuItemTest' was failed!
2024-05-30 23:17:23,828 ERROR c.b.l.TestNGListener [TestNG-test=Main Menu testing-1] Test 'verifyDropMainMenuItemTest' was failed!
2024-05-30 23:17:30,070 ERROR c.b.l.TestNGListener [TestNG-test=Main Menu testing-1] Test 'verifyDropMainMenuItemTest' was failed!
2024-05-30 23:17:36,682 ERROR c.b.l.TestNGListener [TestNG-test=Main Menu testing-1] Test 'verifyDropMainMenuItemTest' was failed!
2024-05-30 23:17:42,858 ERROR c.b.l.TestNGListener [TestNG-test=Main Menu testing-1] Test 'verifyDropMainMenuItemTest' was failed!
2024-05-30 23:17:50,813 ERROR c.b.l.TestNGListener [TestNG-test=Main Menu testing-1] Test 'verifyDropMainMenuItemTest' was failed!
2024-05-30 23:17:57,416 ERROR c.b.l.TestNGListener [TestNG-test=Main Menu testing-1] Test 'verifyDropMainMenuItemTest' was failed!
2024-05-30 23:18:03,988 ERROR c.b.l.TestNGListener [TestNG-test=Main Menu testing-1] Test 'verifyDropMainMenuItemTest' was failed!
2024-05-30 23:18:51,155 ERROR c.b.l.TestNGListener [TestNG-test=Main Menu testing-1] Test 'verifyDropMainMenuItemTest' was failed!
2024-05-30 23:19:11,335 ERROR c.b.l.TestNGListener [TestNG-test=Main Menu testing-1] Test 'verifyDropMainMenuItemTest' was failed!
2024-05-30 23:20:25,466 ERROR c.b.l.TestNGListener [TestNG-test=Main Menu testing-1] Test 'verifyDropMainMenuItemTest' was failed!
2024-05-30 23:20:31,709 ERROR c.b.l.TestNGListener [TestNG-test=Main Menu testing-1] Test 'verifyDropMainMenuItemTest' was failed!
2024-05-30 23:20:43,536 ERROR c.b.l.TestNGListener [TestNG-test=Main Menu testing-1] Test 'verifyDropMainMenuItemTest' was failed!
2024-05-30 23:20:50,618 ERROR c.b.l.TestNGListener [TestNG-test=Main Menu testing-1] Test 'verifyDropMainMenuItemTest' was failed!
2024-05-30 23:20:57,831 ERROR c.b.l.TestNGListener [TestNG-test=Main Menu testing-1] Test 'verifyDropMainMenuItemTest' was failed!
2024-05-30 23:21:03,603 ERROR c.b.l.TestNGListener [TestNG-test=Main Menu testing-1] Test 'verifyDropMainMenuItemTest' was failed!
2024-05-30 23:21:14,767 ERROR c.b.l.TestNGListener [TestNG-test=Main Menu testing-1] Test 'verifyDropMainMenuItemTest' was failed!
2024-05-30 23:21:21,073 ERROR c.b.l.TestNGListener [TestNG-test=Main Menu testing-1] Test 'verifyDropMainMenuItemTest' was failed!
2024-05-30 23:21:37,850 ERROR c.b.l.TestNGListener [TestNG-test=Main Menu testing-1] Test 'verifyMainMenuItemTest' was failed!
2024-05-30 23:21:44,477 ERROR c.b.l.TestNGListener [TestNG-test=Main Menu testing-1] Test 'verifyMainMenuItemTest' was failed!
2024-05-30 23:21:59,028 ERROR c.b.l.TestNGListener [TestNG-test=Main Menu testing-1] Test 'verifyMainMenuItemTest' was failed!
2024-05-30 23:22:04,924 ERROR c.b.l.TestNGListener [TestNG-test=Main Menu testing-1] Test 'verifyMainMenuItemTest' was failed!
